<?xml version="1.0" encoding="UTF-8"?>
<!-- Generated by org.testng.reporters.JUnitReportReporter -->
<testsuite skipped="0" hostname="spicity412" name="googletestpage.Testgoogle" tests="2" failures="0" timestamp="24 Jun 2019 09:47:17 GMT" time="38.470" errors="0">
  <testcase name="writedata" time="3.508" classname="googletestpage.Testgoogle"/>
  <testcase name="fetchdata" time="34.962" classname="googletestpage.Testgoogle"/>
</testsuite> <!-- googletestpage.Testgoogle -->
