<?xml version="1.0" encoding="UTF-8"?>
<!-- Generated by org.testng.reporters.JUnitReportReporter -->
<testsuite skipped="0" hostname="spicity412" name="google_automate.GoogleApp_automation" tests="3" failures="0" timestamp="24 Jun 2019 07:52:52 GMT" time="57.775" errors="0">
  <testcase name="main_class" time="20.388" classname="google_automate.GoogleApp_automation"/>
  <testcase name="writedataintoexcel" time="3.557" classname="google_automate.GoogleApp_automation"/>
  <testcase name="search_item" time="33.830" classname="google_automate.GoogleApp_automation"/>
</testsuite> <!-- google_automate.GoogleApp_automation -->
